# JRE version: OpenJDK Runtime Environment Temurin-21.0.8+9 (21.0.8+9) (build 21.0.8+9-LTS)
# Java VM: OpenJDK 64-Bit Server VM Temurin-21.0.8+9 (21.0.8+9-LTS, mixed mode, sharing, tiered, compressed oops, compressed class ptrs, parallel gc, linux-amd64)
GC Precious Log:
 CardTable entry size: 512
 CPUs: 4 total, 4 available
 Memory: 7895M
 Large Page Support: Disabled
 NUMA Support: Disabled
 Compressed Oops: Enabled (32-bit)
 Alignments: Space 512K, Generation 512K, Heap 2M
 Heap Min Capacity: 100M
 Heap Initial Capacity: 100M
 Heap Max Capacity: 2G
 Pre-touch: Disabled
 Parallel Workers: 4
Heap:
 PSYoungGen      total 6144K, used 381K [0x00000000d5580000, 0x00000000d5c80000, 0x0000000100000000)
  eden space 5632K, 0% used [0x00000000d5580000,0x00000000d5580000,0x00000000d5b00000)
  from space 512K, 74% used [0x00000000d5b80000,0x00000000d5bdf4c8,0x00000000d5c00000)
  to   space 512K, 0% used [0x00000000d5c00000,0x00000000d5c00000,0x00000000d5c80000)
 ParOldGen       total 636928K, used 636577K [0x0000000080000000, 0x00000000a6e00000, 0x00000000d5580000)
  object space 636928K, 99% used [0x0000000080000000,0x00000000a6da86f0,0x00000000a6e00000)
 Metaspace       used 77138K, committed 78656K, reserved 1179648K
  class space    used 8009K, committed 8704K, reserved 1048576K
GC Heap History (20 events):
Event: 222.095 GC heap after
{Heap after GC invocations=729 (full 3):
 PSYoungGen      total 3584K, used 432K [0x00000000d5580000, 0x00000000d5a00000, 0x0000000100000000)
  eden space 3072K, 0% used [0x00000000d5580000,0x00000000d5580000,0x00000000d5880000)
  from space 512K, 84% used [0x00000000d5980000,0x00000000d59ec010,0x00000000d5a00000)
  to   space 512K, 0% used [0x00000000d5900000,0x00000000d5900000,0x00000000d5980000)
 ParOldGen       total 629760K, used 629668K [0x0000000080000000, 0x00000000a6700000, 0x00000000d5580000)
  object space 629760K, 99% used [0x0000000080000000,0x00000000a66e91f0,0x00000000a6700000)
 Metaspace       used 76283K, committed 77760K, reserved 1179648K
  class space    used 7915K, committed 8576K, reserved 1048576K
}
Event: 222.113 GC heap before
{Heap before GC invocations=730 (full 3):
 PSYoungGen      total 3584K, used 3504K [0x00000000d5580000, 0x00000000d5a00000, 0x0000000100000000)
  eden space 3072K, 100% used [0x00000000d5580000,0x00000000d5880000,0x00000000d5880000)
  from space 512K, 84% used [0x00000000d5980000,0x00000000d59ec010,0x00000000d5a00000)
  to   space 512K, 0% used [0x00000000d5900000,0x00000000d5900000,0x00000000d5980000)
 ParOldGen       total 629760K, used 629668K [0x0000000080000000, 0x00000000a6700000, 0x00000000d5580000)
  object space 629760K, 99% used [0x0000000080000000,0x00000000a66e91f0,0x00000000a6700000)
 Metaspace       used 76284K, committed 77760K, reserved 1179648K
  class space    used 7915K, committed 8576K, reserved 1048576K
}
Event: 222.117 GC heap after
{Heap after GC invocations=730 (full 3):
 PSYoungGen      total 3584K, used 512K [0x00000000d5580000, 0x00000000d5b80000, 0x0000000100000000)
  eden space 3072K, 0% used [0x00000000d5580000,0x00000000d5580000,0x00000000d5880000)
  from space 512K, 100% used [0x00000000d5900000,0x00000000d5980000,0x00000000d5980000)
  to   space 1536K, 0% used [0x00000000d5a00000,0x00000000d5a00000,0x00000000d5b80000)
 ParOldGen       total 630272K, used 630174K [0x0000000080000000, 0x00000000a6780000, 0x00000000d5580000)
  object space 630272K, 99% used [0x0000000080000000,0x00000000a6767b00,0x00000000a6780000)
 Metaspace       used 76284K, committed 77760K, reserved 1179648K
  class space    used 7915K, committed 8576K, reserved 1048576K
}
Event: 222.323 GC heap before
{Heap before GC invocations=731 (full 3):
 PSYoungGen      total 3584K, used 3584K [0x00000000d5580000, 0x00000000d5b80000, 0x0000000100000000)
  eden space 3072K, 100% used [0x00000000d5580000,0x00000000d5880000,0x00000000d5880000)
  from space 512K, 100% used [0x00000000d5900000,0x00000000d5980000,0x00000000d5980000)
  to   space 1536K, 0% used [0x00000000d5a00000,0x00000000d5a00000,0x00000000d5b80000)
 ParOldGen       total 630272K, used 630174K [0x0000000080000000, 0x00000000a6780000, 0x00000000d5580000)
  object space 630272K, 99% used [0x0000000080000000,0x00000000a6767b00,0x00000000a6780000)
 Metaspace       used 76307K, committed 77824K, reserved 1179648K
  class space    used 7918K, committed 8576K, reserved 1048576K
}
Event: 222.343 GC heap after
{Heap after GC invocations=731 (full 3):
 PSYoungGen      total 3584K, used 512K [0x00000000d5580000, 0x00000000d5a80000, 0x0000000100000000)
  eden space 3072K, 0% used [0x00000000d5580000,0x00000000d5580000,0x00000000d5880000)
  from space 512K, 100% used [0x00000000d5a00000,0x00000000d5a80000,0x00000000d5a80000)
  to   space 1024K, 0% used [0x00000000d5880000,0x00000000d5880000,0x00000000d5980000)
 ParOldGen       total 630784K, used 630694K [0x0000000080000000, 0x00000000a6800000, 0x00000000d5580000)
  object space 630784K, 99% used [0x0000000080000000,0x00000000a67e9b00,0x00000000a6800000)
 Metaspace       used 76307K, committed 77824K, reserved 1179648K
  class space    used 7918K, committed 8576K, reserved 1048576K
}
Event: 222.407 GC heap before
{Heap before GC invocations=732 (full 3):
 PSYoungGen      total 3584K, used 3584K [0x00000000d5580000, 0x00000000d5a80000, 0x0000000100000000)
  eden space 3072K, 100% used [0x00000000d5580000,0x00000000d5880000,0x00000000d5880000)
  from space 512K, 100% used [0x00000000d5a00000,0x00000000d5a80000,0x00000000d5a80000)
  to   space 1024K, 0% used [0x00000000d5880000,0x00000000d5880000,0x00000000d5980000)
 ParOldGen       total 630784K, used 630694K [0x0000000080000000, 0x00000000a6800000, 0x00000000d5580000)
  object space 630784K, 99% used [0x0000000080000000,0x00000000a67e9b00,0x00000000a6800000)
 Metaspace       used 76327K, committed 77824K, reserved 1179648K
  class space    used 7918K, committed 8576K, reserved 1048576K
}
Event: 222.417 GC heap after
{Heap after GC invocations=732 (full 3):
 PSYoungGen      total 4096K, used 64K [0x00000000d5580000, 0x00000000d5a80000, 0x0000000100000000)
  eden space 3072K, 0% used [0x00000000d5580000,0x00000000d5580000,0x00000000d5880000)
  from space 1024K, 6% used [0x00000000d5880000,0x00000000d5890000,0x00000000d5980000)
  to   space 512K, 0% used [0x00000000d5a00000,0x00000000d5a00000,0x00000000d5a80000)
 ParOldGen       total 631296K, used 631139K [0x0000000080000000, 0x00000000a6880000, 0x00000000d5580000)
  object space 631296K, 99% used [0x0000000080000000,0x00000000a6858f00,0x00000000a6880000)
 Metaspace       used 76327K, committed 77824K, reserved 1179648K
  class space    used 7918K, committed 8576K, reserved 1048576K
}
Event: 222.504 GC heap before
{Heap before GC invocations=733 (full 3):
 PSYoungGen      total 4096K, used 3136K [0x00000000d5580000, 0x00000000d5a80000, 0x0000000100000000)
  eden space 3072K, 100% used [0x00000000d5580000,0x00000000d5880000,0x00000000d5880000)
  from space 1024K, 6% used [0x00000000d5880000,0x00000000d5890000,0x00000000d5980000)
  to   space 512K, 0% used [0x00000000d5a00000,0x00000000d5a00000,0x00000000d5a80000)
 ParOldGen       total 631296K, used 631139K [0x0000000080000000, 0x00000000a6880000, 0x00000000d5580000)
  object space 631296K, 99% used [0x0000000080000000,0x00000000a6858f00,0x00000000a6880000)
 Metaspace       used 76328K, committed 77824K, reserved 1179648K
  class space    used 7918K, committed 8576K, reserved 1048576K
}
Event: 222.515 GC heap after
{Heap after GC invocations=733 (full 3):
 PSYoungGen      total 3584K, used 496K [0x00000000d5580000, 0x00000000d5a80000, 0x0000000100000000)
  eden space 3072K, 0% used [0x00000000d5580000,0x00000000d5580000,0x00000000d5880000)
  from space 512K, 96% used [0x00000000d5a00000,0x00000000d5a7c010,0x00000000d5a80000)
  to   space 1024K, 0% used [0x00000000d5880000,0x00000000d5880000,0x00000000d5980000)
 ParOldGen       total 631296K, used 631198K [0x0000000080000000, 0x00000000a6880000, 0x00000000d5580000)
  object space 631296K, 99% used [0x0000000080000000,0x00000000a6867800,0x00000000a6880000)
 Metaspace       used 76328K, committed 77824K, reserved 1179648K
  class space    used 7918K, committed 8576K, reserved 1048576K
}
Event: 222.534 GC heap before
{Heap before GC invocations=734 (full 3):
 PSYoungGen      total 3584K, used 3568K [0x00000000d5580000, 0x00000000d5a80000, 0x0000000100000000)
  eden space 3072K, 100% used [0x00000000d5580000,0x00000000d5880000,0x00000000d5880000)
  from space 512K, 96% used [0x00000000d5a00000,0x00000000d5a7c010,0x00000000d5a80000)
  to   space 1024K, 0% used [0x00000000d5880000,0x00000000d5880000,0x00000000d5980000)
 ParOldGen       total 631296K, used 631198K [0x0000000080000000, 0x00000000a6880000, 0x00000000d5580000)
  object space 631296K, 99% used [0x0000000080000000,0x00000000a6867800,0x00000000a6880000)
 Metaspace       used 76329K, committed 77824K, reserved 1179648K
  class space    used 7918K, committed 8576K, reserved 1048576K
}
Event: 222.550 GC heap after
{Heap after GC invocations=734 (full 3):
 PSYoungGen      total 4096K, used 1011K [0x00000000d5580000, 0x00000000d6080000, 0x0000000100000000)
  eden space 3072K, 0% used [0x00000000d5580000,0x00000000d5580000,0x00000000d5880000)
  from space 1024K, 98% used [0x00000000d5880000,0x00000000d597cf70,0x00000000d5980000)
  to   space 3584K, 0% used [0x00000000d5d00000,0x00000000d5d00000,0x00000000d6080000)
 ParOldGen       total 633344K, used 632910K [0x0000000080000000, 0x00000000a6a80000, 0x00000000d5580000)
  object space 633344K, 99% used [0x0000000080000000,0x00000000a6a13800,0x00000000a6a80000)
 Metaspace       used 76329K, committed 77824K, reserved 1179648K
  class space    used 7918K, committed 8576K, reserved 1048576K
}
Event: 222.566 GC heap before
{Heap before GC invocations=735 (full 3):
 PSYoungGen      total 4096K, used 4083K [0x00000000d5580000, 0x00000000d6080000, 0x0000000100000000)
  eden space 3072K, 100% used [0x00000000d5580000,0x00000000d5880000,0x00000000d5880000)
  from space 1024K, 98% used [0x00000000d5880000,0x00000000d597cf70,0x00000000d5980000)
  to   space 3584K, 0% used [0x00000000d5d00000,0x00000000d5d00000,0x00000000d6080000)
 ParOldGen       total 633344K, used 632910K [0x0000000080000000, 0x00000000a6a80000, 0x00000000d5580000)
  object space 633344K, 99% used [0x0000000080000000,0x00000000a6a13800,0x00000000a6a80000)
 Metaspace       used 76329K, committed 77824K, reserved 1179648K
  class space    used 7918K, committed 8576K, reserved 1048576K
}
Event: 222.584 GC heap after
{Heap after GC invocations=735 (full 3):
 PSYoungGen      total 6144K, used 2048K [0x00000000d5580000, 0x00000000d5f00000, 0x0000000100000000)
  eden space 4096K, 0% used [0x00000000d5580000,0x00000000d5580000,0x00000000d5980000)
  from space 2048K, 100% used [0x00000000d5d00000,0x00000000d5f00000,0x00000000d5f00000)
  to   space 2560K, 0% used [0x00000000d5a00000,0x00000000d5a00000,0x00000000d5c80000)
 ParOldGen       total 634368K, used 633913K [0x0000000080000000, 0x00000000a6b80000, 0x00000000d5580000)
  object space 634368K, 99% used [0x0000000080000000,0x00000000a6b0e770,0x00000000a6b80000)
 Metaspace       used 76329K, committed 77824K, reserved 1179648K
  class space    used 7918K, committed 8576K, reserved 1048576K
}
Event: 222.611 GC heap before
{Heap before GC invocations=736 (full 3):
 PSYoungGen      total 6144K, used 6144K [0x00000000d5580000, 0x00000000d5f00000, 0x0000000100000000)
  eden space 4096K, 100% used [0x00000000d5580000,0x00000000d5980000,0x00000000d5980000)
  from space 2048K, 100% used [0x00000000d5d00000,0x00000000d5f00000,0x00000000d5f00000)
  to   space 2560K, 0% used [0x00000000d5a00000,0x00000000d5a00000,0x00000000d5c80000)
 ParOldGen       total 634368K, used 633913K [0x0000000080000000, 0x00000000a6b80000, 0x00000000d5580000)
  object space 634368K, 99% used [0x0000000080000000,0x00000000a6b0e770,0x00000000a6b80000)
 Metaspace       used 76330K, committed 77824K, reserved 1179648K
  class space    used 7918K, committed 8576K, reserved 1048576K
}
Event: 222.620 GC heap after
{Heap after GC invocations=736 (full 3):
 PSYoungGen      total 5632K, used 768K [0x00000000d5580000, 0x00000000d5d80000, 0x0000000100000000)
  eden space 4608K, 0% used [0x00000000d5580000,0x00000000d5580000,0x00000000d5a00000)
  from space 1024K, 75% used [0x00000000d5a00000,0x00000000d5ac0000,0x00000000d5b00000)
  to   space 1536K, 0% used [0x00000000d5c00000,0x00000000d5c00000,0x00000000d5d80000)
 ParOldGen       total 635904K, used 635801K [0x0000000080000000, 0x00000000a6d00000, 0x00000000d5580000)
  object space 635904K, 99% used [0x0000000080000000,0x00000000a6ce6770,0x00000000a6d00000)
 Metaspace       used 76330K, committed 77824K, reserved 1179648K
  class space    used 7918K, committed 8576K, reserved 1048576K
}
Event: 222.883 GC heap before
{Heap before GC invocations=737 (full 3):
 PSYoungGen      total 5632K, used 5376K [0x00000000d5580000, 0x00000000d5d80000, 0x0000000100000000)
  eden space 4608K, 100% used [0x00000000d5580000,0x00000000d5a00000,0x00000000d5a00000)
  from space 1024K, 75% used [0x00000000d5a00000,0x00000000d5ac0000,0x00000000d5b00000)
  to   space 1536K, 0% used [0x00000000d5c00000,0x00000000d5c00000,0x00000000d5d80000)
 ParOldGen       total 635904K, used 635801K [0x0000000080000000, 0x00000000a6d00000, 0x00000000d5580000)
  object space 635904K, 99% used [0x0000000080000000,0x00000000a6ce6770,0x00000000a6d00000)
 Metaspace       used 76563K, committed 78080K, reserved 1179648K
  class space    used 7944K, committed 8640K, reserved 1048576K
}
Event: 222.890 GC heap after
{Heap after GC invocations=737 (full 3):
 PSYoungGen      total 6144K, used 128K [0x00000000d5580000, 0x00000000d5c80000, 0x0000000100000000)
  eden space 5632K, 0% used [0x00000000d5580000,0x00000000d5580000,0x00000000d5b00000)
  from space 512K, 25% used [0x00000000d5c00000,0x00000000d5c20000,0x00000000d5c80000)
  to   space 512K, 0% used [0x00000000d5b80000,0x00000000d5b80000,0x00000000d5c00000)
 ParOldGen       total 636928K, used 636497K [0x0000000080000000, 0x00000000a6e00000, 0x00000000d5580000)
  object space 636928K, 99% used [0x0000000080000000,0x00000000a6d946e0,0x00000000a6e00000)
 Metaspace       used 76563K, committed 78080K, reserved 1179648K
  class space    used 7944K, committed 8640K, reserved 1048576K
}
Event: 223.077 GC heap before
{Heap before GC invocations=738 (full 3):
 PSYoungGen      total 6144K, used 3692K [0x00000000d5580000, 0x00000000d5c80000, 0x0000000100000000)
  eden space 5632K, 63% used [0x00000000d5580000,0x00000000d58fb1b8,0x00000000d5b00000)
  from space 512K, 25% used [0x00000000d5c00000,0x00000000d5c20000,0x00000000d5c80000)
  to   space 512K, 0% used [0x00000000d5b80000,0x00000000d5b80000,0x00000000d5c00000)
 ParOldGen       total 636928K, used 636497K [0x0000000080000000, 0x00000000a6e00000, 0x00000000d5580000)
  object space 636928K, 99% used [0x0000000080000000,0x00000000a6d946e0,0x00000000a6e00000)
 Metaspace       used 77138K, committed 78656K, reserved 1179648K
  class space    used 8009K, committed 8704K, reserved 1048576K
}
Event: 223.100 GC heap after
{Heap after GC invocations=738 (full 3):
 PSYoungGen      total 6144K, used 381K [0x00000000d5580000, 0x00000000d5c80000, 0x0000000100000000)
  eden space 5632K, 0% used [0x00000000d5580000,0x00000000d5580000,0x00000000d5b00000)
  from space 512K, 74% used [0x00000000d5b80000,0x00000000d5bdf4c8,0x00000000d5c00000)
  to   space 512K, 0% used [0x00000000d5c00000,0x00000000d5c00000,0x00000000d5c80000)
 ParOldGen       total 636928K, used 636577K [0x0000000080000000, 0x00000000a6e00000, 0x00000000d5580000)
  object space 636928K, 99% used [0x0000000080000000,0x00000000a6da86f0,0x00000000a6e00000)
 Metaspace       used 77138K, committed 78656K, reserved 1179648K
  class space    used 8009K, committed 8704K, reserved 1048576K
}
Event: 223.100 GC heap before
{Heap before GC invocations=739 (full 4):
 PSYoungGen      total 6144K, used 381K [0x00000000d5580000, 0x00000000d5c80000, 0x0000000100000000)
  eden space 5632K, 0% used [0x00000000d5580000,0x00000000d5580000,0x00000000d5b00000)
  from space 512K, 74% used [0x00000000d5b80000,0x00000000d5bdf4c8,0x00000000d5c00000)
  to   space 512K, 0% used [0x00000000d5c00000,0x00000000d5c00000,0x00000000d5c80000)
 ParOldGen       total 636928K, used 636577K [0x0000000080000000, 0x00000000a6e00000, 0x00000000d5580000)
  object space 636928K, 99% used [0x0000000080000000,0x00000000a6da86f0,0x00000000a6e00000)
 Metaspace       used 77138K, committed 78656K, reserved 1179648K
  class space    used 8009K, committed 8704K, reserved 1048576K
}

